2024-10-03 18:30:06,446 INFO  [main] c.n.R.B.BaseAPITest - Extent Report Initialized successfully
2024-10-03 18:30:07,959 INFO  [main] c.n.R.B.BaseAPITest - Add a book with an empty optional field (description)
2024-10-03 18:30:08,008 INFO  [main] c.n.R.B.BaseAPITest - REQUEST INFO
2024-10-03 18:30:08,008 INFO  [main] c.n.R.B.BaseAPITest - HTTP METHOD : POST
2024-10-03 18:30:08,008 INFO  [main] c.n.R.B.BaseAPITest - ENDPOINT : api/v1/Books
2024-10-03 18:30:08,008 INFO  [main] c.n.R.B.BaseAPITest - HEADERS : {Content-type=application/json, Content-Type=application/json}
2024-10-03 18:30:08,008 INFO  [main] c.n.R.B.BaseAPITest - QUERY PARAMS : {}
2024-10-03 18:30:08,008 INFO  [main] c.n.R.B.BaseAPITest - PATH PARAMS : {}
2024-10-03 18:30:08,009 INFO  [main] c.n.R.B.BaseAPITest - REQUEST PAYLOAD :{"id":20,"idBook":10,"firstName":"Sagar","lastName":"Dua"}
2024-10-03 18:30:09,160 INFO  [main] c.n.R.B.BaseAPITest - STATUS CODE: 200
2024-10-03 18:30:09,178 INFO  [main] c.n.R.B.BaseAPITest - RESPONSE PAYLOAD : {
    "id": 20,
    "title": null,
    "description": null,
    "pageCount": 0,
    "excerpt": null,
    "publishDate": "0001-01-01T00:00:00"
}
2024-10-03 18:30:09,181 INFO  [main] c.n.R.B.BaseAPITest - Assertion Failed - Verify that the book was created successfully with an empty description
2024-10-03 18:30:09,464 INFO  [main] c.n.R.B.BaseAPITest - Attempt to add a book with an already existing ISBN
2024-10-03 18:30:09,465 INFO  [main] c.n.R.B.BaseAPITest - REQUEST INFO
2024-10-03 18:30:09,465 INFO  [main] c.n.R.B.BaseAPITest - HTTP METHOD : POST
2024-10-03 18:30:09,465 INFO  [main] c.n.R.B.BaseAPITest - ENDPOINT : api/v1/Books
2024-10-03 18:30:09,466 INFO  [main] c.n.R.B.BaseAPITest - HEADERS : {Content-type=application/json, Content-Type=application/json}
2024-10-03 18:30:09,466 INFO  [main] c.n.R.B.BaseAPITest - QUERY PARAMS : {}
2024-10-03 18:30:09,466 INFO  [main] c.n.R.B.BaseAPITest - PATH PARAMS : {}
2024-10-03 18:30:09,466 INFO  [main] c.n.R.B.BaseAPITest - REQUEST PAYLOAD :{"id":11,"idBook":1,"firstName":"Ashmi","lastName":"Rani"}
2024-10-03 18:30:09,966 INFO  [main] c.n.R.B.BaseAPITest - STATUS CODE: 200
2024-10-03 18:30:09,967 INFO  [main] c.n.R.B.BaseAPITest - RESPONSE PAYLOAD : {
    "id": 11,
    "title": null,
    "description": null,
    "pageCount": 0,
    "excerpt": null,
    "publishDate": "0001-01-01T00:00:00"
}
2024-10-03 18:30:09,967 INFO  [main] c.n.R.B.BaseAPITest - Assertion Failed - Verify that a 409 Conflict is returned for an existing ISBN
2024-10-03 18:30:10,245 INFO  [main] c.n.R.B.BaseAPITest - Attempt to add a book with missing required fields (ISBN)
2024-10-03 18:30:10,246 INFO  [main] c.n.R.B.BaseAPITest - REQUEST INFO
2024-10-03 18:30:10,246 INFO  [main] c.n.R.B.BaseAPITest - HTTP METHOD : POST
2024-10-03 18:30:10,246 INFO  [main] c.n.R.B.BaseAPITest - ENDPOINT : api/v1/Books
2024-10-03 18:30:10,246 INFO  [main] c.n.R.B.BaseAPITest - HEADERS : {Content-type=application/json, Content-Type=application/json}
2024-10-03 18:30:10,246 INFO  [main] c.n.R.B.BaseAPITest - QUERY PARAMS : {}
2024-10-03 18:30:10,246 INFO  [main] c.n.R.B.BaseAPITest - PATH PARAMS : {}
2024-10-03 18:30:10,246 INFO  [main] c.n.R.B.BaseAPITest - REQUEST PAYLOAD :{"id":10,"idBook":102,"firstName":"Saurav","lastName":"Pal"}
2024-10-03 18:30:10,733 INFO  [main] c.n.R.B.BaseAPITest - STATUS CODE: 200
2024-10-03 18:30:10,734 INFO  [main] c.n.R.B.BaseAPITest - RESPONSE PAYLOAD : {
    "id": 10,
    "title": null,
    "description": null,
    "pageCount": 0,
    "excerpt": null,
    "publishDate": "0001-01-01T00:00:00"
}
2024-10-03 18:30:10,734 INFO  [main] c.n.R.B.BaseAPITest - Assertion Failed - Verify that a 400 Bad Request is returned for missing required fields
2024-10-03 18:30:11,011 INFO  [main] c.n.R.B.BaseAPITest - Add a new book with all required fields
2024-10-03 18:30:11,012 INFO  [main] c.n.R.B.BaseAPITest - REQUEST INFO
2024-10-03 18:30:11,012 INFO  [main] c.n.R.B.BaseAPITest - HTTP METHOD : POST
2024-10-03 18:30:11,012 INFO  [main] c.n.R.B.BaseAPITest - ENDPOINT : api/v1/Books
2024-10-03 18:30:11,012 INFO  [main] c.n.R.B.BaseAPITest - HEADERS : {Content-type=application/json, Content-Type=application/json}
2024-10-03 18:30:11,012 INFO  [main] c.n.R.B.BaseAPITest - QUERY PARAMS : {}
2024-10-03 18:30:11,012 INFO  [main] c.n.R.B.BaseAPITest - PATH PARAMS : {}
2024-10-03 18:30:11,013 INFO  [main] c.n.R.B.BaseAPITest - REQUEST PAYLOAD :{"id":1002,"idBook":100,"firstName":"Bakul","lastName":"Bhardwaj"}
2024-10-03 18:30:11,501 INFO  [main] c.n.R.B.BaseAPITest - STATUS CODE: 200
2024-10-03 18:30:11,502 INFO  [main] c.n.R.B.BaseAPITest - RESPONSE PAYLOAD : {
    "id": 1002,
    "title": null,
    "description": null,
    "pageCount": 0,
    "excerpt": null,
    "publishDate": "0001-01-01T00:00:00"
}
2024-10-03 18:30:11,502 INFO  [main] c.n.R.B.BaseAPITest - Assertion Failed - Verify that the book was created successfully
