2024-10-03 16:44:53,755 INFO  [main] c.n.R.B.BaseAPITest - Extent Report Initialized successfully
2024-10-03 16:44:55,242 INFO  [main] c.n.R.B.BaseAPITest - Create a book entry with invalid id and validate the error
2024-10-03 16:44:55,242 INFO  [main] c.n.R.B.BaseAPITest - REQUEST INFO
2024-10-03 16:44:55,242 INFO  [main] c.n.R.B.BaseAPITest - HTTP METHOD : GET
2024-10-03 16:44:55,242 INFO  [main] c.n.R.B.BaseAPITest - ENDPOINT : api/v1/Books/{id}
2024-10-03 16:44:55,242 INFO  [main] c.n.R.B.BaseAPITest - HEADERS : {Content-type=application/json, Content-Type=application/json}
2024-10-03 16:44:55,243 INFO  [main] c.n.R.B.BaseAPITest - QUERY PARAMS : {}
2024-10-03 16:44:55,243 INFO  [main] c.n.R.B.BaseAPITest - PATH PARAMS : {id=1003}
2024-10-03 16:44:56,345 INFO  [main] c.n.R.B.BaseAPITest - STATUS CODE: 404
2024-10-03 16:44:56,378 INFO  [main] c.n.R.B.BaseAPITest - RESPONSE PAYLOAD : {
    "type": "https://tools.ietf.org/html/rfc7231#section-6.5.4",
    "title": "Not Found",
    "status": 404,
    "traceId": "00-661381594b906c4dbd2bd179a04b2811-df9f2a2c06a6ce4d-00"
}
2024-10-03 16:44:56,380 INFO  [main] c.n.R.B.BaseAPITest - Assertion Passed - Verify a valid error message for invaid boking ID
2024-10-03 16:44:56,652 INFO  [main] c.n.R.B.BaseAPITest - Create a book entry with valid id and validate
2024-10-03 16:44:56,653 INFO  [main] c.n.R.B.BaseAPITest - REQUEST INFO
2024-10-03 16:44:56,653 INFO  [main] c.n.R.B.BaseAPITest - HTTP METHOD : GET
2024-10-03 16:44:56,653 INFO  [main] c.n.R.B.BaseAPITest - ENDPOINT : api/v1/Books/{id}
2024-10-03 16:44:56,653 INFO  [main] c.n.R.B.BaseAPITest - HEADERS : {Content-type=application/json, Content-Type=application/json}
2024-10-03 16:44:56,653 INFO  [main] c.n.R.B.BaseAPITest - QUERY PARAMS : {}
2024-10-03 16:44:56,654 INFO  [main] c.n.R.B.BaseAPITest - PATH PARAMS : {id=100}
2024-10-03 16:44:57,128 INFO  [main] c.n.R.B.BaseAPITest - STATUS CODE: 200
2024-10-03 16:44:57,135 INFO  [main] c.n.R.B.BaseAPITest - RESPONSE PAYLOAD : {
    "id": 100,
    "title": "Book 100",
    "description": "Lorem lorem lorem. Lorem lorem lorem. Lorem lorem lorem.\n",
    "pageCount": 10000,
    "excerpt": "Lorem lorem lorem. Lorem lorem lorem. Lorem lorem lorem.\nLorem lorem lorem. Lorem lorem lorem. Lorem lorem lorem.\nLorem lorem lorem. Lorem lorem lorem. Lorem lorem lorem.\nLorem lorem lorem. Lorem lorem lorem. Lorem lorem lorem.\nLorem lorem lorem. Lorem lorem lorem. Lorem lorem lorem.\n",
    "publishDate": "2024-06-25T11:14:57.0354011+00:00"
}
2024-10-03 16:44:57,135 INFO  [main] c.n.R.B.BaseAPITest - Assertion Passed - Verify all books returned
