2024-10-03 14:21:13,285 INFO  [main] c.n.R.B.BaseAPITest - Extent Report Initialized successfully
2024-10-03 14:21:14,877 INFO  [main] c.n.R.B.BaseAPITest -  Step - Create booking with invalid booking ID and verify the error
2024-10-03 14:21:14,878 INFO  [main] c.n.R.B.BaseAPITest - REQUEST INFO
2024-10-03 14:21:14,878 INFO  [main] c.n.R.B.BaseAPITest - HTTP METHOD : GET
2024-10-03 14:21:14,879 INFO  [main] c.n.R.B.BaseAPITest - ENDPOINT : api/v1/Activities/{id}
2024-10-03 14:21:14,879 INFO  [main] c.n.R.B.BaseAPITest - HEADERS : {Content-type=application/json, Content-Type=application/json}
2024-10-03 14:21:14,879 INFO  [main] c.n.R.B.BaseAPITest - QUERY PARAMS : {}
2024-10-03 14:21:14,879 INFO  [main] c.n.R.B.BaseAPITest - PATH PARAMS : {id=109}
2024-10-03 14:21:16,055 INFO  [main] c.n.R.B.BaseAPITest - STATUS CODE: 404
2024-10-03 14:21:16,097 INFO  [main] c.n.R.B.BaseAPITest - RESPONSE PAYLOAD : {
    "type": "https://tools.ietf.org/html/rfc7231#section-6.5.4",
    "title": "Not Found",
    "status": 404,
    "traceId": "00-2b297729311b3842bce9082e4542d177-ab9c636d5034b649-00"
}
2024-10-03 14:21:16,099 INFO  [main] c.n.R.B.BaseAPITest - Assertion Passed - Verify error is returned for invalid booking ID
2024-10-03 14:21:16,379 INFO  [main] c.n.R.B.BaseAPITest - Step - Attempt to retrieve booking without authentication and verify the error
2024-10-03 14:21:16,379 INFO  [main] c.n.R.B.BaseAPITest - REQUEST INFO
2024-10-03 14:21:16,379 INFO  [main] c.n.R.B.BaseAPITest - HTTP METHOD : GET
2024-10-03 14:21:16,379 INFO  [main] c.n.R.B.BaseAPITest - ENDPOINT : api/v1/Activities/{id}
2024-10-03 14:21:16,379 INFO  [main] c.n.R.B.BaseAPITest - HEADERS : {Content-type=application/json, Content-Type=application/json}
2024-10-03 14:21:16,380 INFO  [main] c.n.R.B.BaseAPITest - QUERY PARAMS : {}
2024-10-03 14:21:16,380 INFO  [main] c.n.R.B.BaseAPITest - PATH PARAMS : {id=1}
2024-10-03 14:21:16,849 INFO  [main] c.n.R.B.BaseAPITest - STATUS CODE: 200
2024-10-03 14:21:16,850 INFO  [main] c.n.R.B.BaseAPITest - RESPONSE PAYLOAD : {
    "id": 1,
    "title": "Activity 1",
    "dueDate": "2024-10-03T09:51:16.7701583+00:00",
    "completed": false
}
2024-10-03 14:21:16,852 INFO  [main] c.n.R.B.BaseAPITest - Assertion Failed - Verify that an error is returned for unauthorized access
2024-10-03 14:21:17,133 INFO  [main] c.n.R.B.BaseAPITest - REQUEST INFO
2024-10-03 14:21:17,133 INFO  [main] c.n.R.B.BaseAPITest - HTTP METHOD : GET
2024-10-03 14:21:17,133 INFO  [main] c.n.R.B.BaseAPITest - ENDPOINT : api/v1/Activities
2024-10-03 14:21:17,133 INFO  [main] c.n.R.B.BaseAPITest - HEADERS : {Content-type=application/json, Content-Type=application/json}
2024-10-03 14:21:17,133 INFO  [main] c.n.R.B.BaseAPITest - QUERY PARAMS : {limit=10, page=1}
2024-10-03 14:21:17,133 INFO  [main] c.n.R.B.BaseAPITest - PATH PARAMS : {}
2024-10-03 14:21:17,613 INFO  [main] c.n.R.B.BaseAPITest - STATUS CODE: 200
2024-10-03 14:21:17,621 INFO  [main] c.n.R.B.BaseAPITest - RESPONSE PAYLOAD : [
    {
        "id": 1,
        "title": "Activity 1",
        "dueDate": "2024-10-03T09:51:17.5315468+00:00",
        "completed": false
    },
    {
        "id": 2,
        "title": "Activity 2",
        "dueDate": "2024-10-03T10:51:17.5315497+00:00",
        "completed": true
    },
    {
        "id": 3,
        "title": "Activity 3",
        "dueDate": "2024-10-03T11:51:17.5315501+00:00",
        "completed": false
    },
    {
        "id": 4,
        "title": "Activity 4",
        "dueDate": "2024-10-03T12:51:17.5315503+00:00",
        "completed": true
    },
    {
        "id": 5,
        "title": "Activity 5",
        "dueDate": "2024-10-03T13:51:17.5315507+00:00",
        "completed": false
    },
    {
        "id": 6,
        "title": "Activity 6",
        "dueDate": "2024-10-03T14:51:17.5315513+00:00",
        "completed": true
    },
    {
        "id": 7,
        "title": "Activity 7",
        "dueDate": "2024-10-03T15:51:17.5315516+00:00",
        "completed": false
    },
    {
        "id": 8,
        "title": "Activity 8",
        "dueDate": "2024-10-03T16:51:17.5315519+00:00",
        "completed": true
    },
    {
        "id": 9,
        "title": "Activity 9",
        "dueDate": "2024-10-03T17:51:17.5315521+00:00",
        "completed": false
    },
    {
        "id": 10,
        "title": "Activity 10",
        "dueDate": "2024-10-03T18:51:17.5315526+00:00",
        "completed": true
    },
    {
        "id": 11,
        "title": "Activity 11",
        "dueDate": "2024-10-03T19:51:17.531553+00:00",
        "completed": false
    },
    {
        "id": 12,
        "title": "Activity 12",
        "dueDate": "2024-10-03T20:51:17.5315532+00:00",
        "completed": true
    },
    {
        "id": 13,
        "title": "Activity 13",
        "dueDate": "2024-10-03T21:51:17.5315535+00:00",
        "completed": false
    },
    {
        "id": 14,
        "title": "Activity 14",
        "dueDate": "2024-10-03T22:51:17.5315538+00:00",
        "completed": true
    },
    {
        "id": 15,
        "title": "Activity 15",
        "dueDate": "2024-10-03T23:51:17.5315541+00:00",
        "completed": false
    },
    {
        "id": 16,
        "title": "Activity 16",
        "dueDate": "2024-10-04T00:51:17.5315543+00:00",
        "completed": true
    },
    {
        "id": 17,
        "title": "Activity 17",
        "dueDate": "2024-10-04T01:51:17.5315546+00:00",
        "completed": false
    },
    {
        "id": 18,
        "title": "Activity 18",
        "dueDate": "2024-10-04T02:51:17.531555+00:00",
        "completed": true
    },
    {
        "id": 19,
        "title": "Activity 19",
        "dueDate": "2024-10-04T03:51:17.5315553+00:00",
        "completed": false
    },
    {
        "id": 20,
        "title": "Activity 20",
        "dueDate": "2024-10-04T04:51:17.5315556+00:00",
        "completed": true
    },
    {
        "id": 21,
        "title": "Activity 21",
        "dueDate": "2024-10-04T05:51:17.5315558+00:00",
        "completed": false
    },
    {
        "id": 22,
        "title": "Activity 22",
        "dueDate": "2024-10-04T06:51:17.5315561+00:00",
        "completed": true
    },
    {
        "id": 23,
        "title": "Activity 23",
        "dueDate": "2024-10-04T07:51:17.5315564+00:00",
        "completed": false
    },
    {
        "id": 24,
        "title": "Activity 24",
        "dueDate": "2024-10-04T08:51:17.5315566+00:00",
        "completed": true
    },
    {
        "id": 25,
        "title": "Activity 25",
        "dueDate": "2024-10-04T09:51:17.5315569+00:00",
        "completed": false
    },
    {
        "id": 26,
        "title": "Activity 26",
        "dueDate": "2024-10-04T10:51:17.5315572+00:00",
        "completed": true
    },
    {
        "id": 27,
        "title": "Activity 27",
        "dueDate": "2024-10-04T11:51:17.5315575+00:00",
        "completed": false
    },
    {
        "id": 28,
        "title": "Activity 28",
        "dueDate": "2024-10-04T12:51:17.5315578+00:00",
        "completed": true
    },
    {
        "id": 29,
        "title": "Activity 29",
        "dueDate": "2024-10-04T13:51:17.531558+00:00",
        "completed": false
    },
    {
        "id": 30,
        "title": "Activity 30",
        "dueDate": "2024-10-04T14:51:17.5315583+00:00",
        "completed": true
    }
]
2024-10-03 14:21:18,147 INFO  [main] c.n.R.B.BaseAPITest - Assertion Failed - Verify that the response status has 10 records
2024-10-03 14:21:18,427 INFO  [main] c.n.R.B.BaseAPITest - Step - Retrieve a list of bookings when no bookings exist and verify the response
2024-10-03 14:21:18,427 INFO  [main] c.n.R.B.BaseAPITest - REQUEST INFO
2024-10-03 14:21:18,428 INFO  [main] c.n.R.B.BaseAPITest - HTTP METHOD : GET
2024-10-03 14:21:18,428 INFO  [main] c.n.R.B.BaseAPITest - ENDPOINT : api/v1/Authors/authors/books/{id}
2024-10-03 14:21:18,428 INFO  [main] c.n.R.B.BaseAPITest - HEADERS : {Content-type=application/json, Content-Type=application/json}
2024-10-03 14:21:18,428 INFO  [main] c.n.R.B.BaseAPITest - QUERY PARAMS : {}
2024-10-03 14:21:18,429 INFO  [main] c.n.R.B.BaseAPITest - PATH PARAMS : {id=300}
2024-10-03 14:21:18,917 INFO  [main] c.n.R.B.BaseAPITest - STATUS CODE: 200
2024-10-03 14:21:18,918 INFO  [main] c.n.R.B.BaseAPITest - RESPONSE PAYLOAD : [
    
]
2024-10-03 14:21:18,918 INFO  [main] c.n.R.B.BaseAPITest - Assertion Passed - Verify that the response status is 200 OK
2024-10-03 14:21:18,919 INFO  [main] c.n.R.B.BaseAPITest - Assertion Failed - Verifying response should be Empty
2024-10-03 14:21:19,199 INFO  [main] c.n.R.B.BaseAPITest - Step - Attempt to retrieve booking with a valid booking ID and verify the response
2024-10-03 14:21:19,199 INFO  [main] c.n.R.B.BaseAPITest - REQUEST INFO
2024-10-03 14:21:19,199 INFO  [main] c.n.R.B.BaseAPITest - HTTP METHOD : GET
2024-10-03 14:21:19,199 INFO  [main] c.n.R.B.BaseAPITest - ENDPOINT : api/v1/Activities/{id}
2024-10-03 14:21:19,201 INFO  [main] c.n.R.B.BaseAPITest - HEADERS : {Content-type=application/json, Content-Type=application/json}
2024-10-03 14:21:19,201 INFO  [main] c.n.R.B.BaseAPITest - QUERY PARAMS : {}
2024-10-03 14:21:19,201 INFO  [main] c.n.R.B.BaseAPITest - PATH PARAMS : {id=12}
2024-10-03 14:21:19,666 INFO  [main] c.n.R.B.BaseAPITest - STATUS CODE: 200
2024-10-03 14:21:19,667 INFO  [main] c.n.R.B.BaseAPITest - RESPONSE PAYLOAD : {
    "id": 12,
    "title": "Activity 12",
    "dueDate": "2024-10-03T20:51:19.5864245+00:00",
    "completed": true
}
2024-10-03 14:21:19,667 INFO  [main] c.n.R.B.BaseAPITest - Assertion Passed - Verify that booking is retrieved successfully
