2024-10-03 13:35:31,716 INFO  [main] c.n.R.B.BaseAPITest - Extent Report Initialized successfully
2024-10-03 13:35:33,318 INFO  [main] c.n.R.B.BaseAPITest -  Step - Create booking with invalid booking ID and verify the error
2024-10-03 13:35:33,319 INFO  [main] c.n.R.B.BaseAPITest - REQUEST INFO
2024-10-03 13:35:33,319 INFO  [main] c.n.R.B.BaseAPITest - HTTP METHOD : GET
2024-10-03 13:35:33,319 INFO  [main] c.n.R.B.BaseAPITest - ENDPOINT : api/v1/Activities/{id}
2024-10-03 13:35:33,319 INFO  [main] c.n.R.B.BaseAPITest - HEADERS : {Content-type=application/json, Content-Type=application/json}
2024-10-03 13:35:33,320 INFO  [main] c.n.R.B.BaseAPITest - QUERY PARAMS : {}
2024-10-03 13:35:33,320 INFO  [main] c.n.R.B.BaseAPITest - PATH PARAMS : {id=109}
2024-10-03 13:35:34,436 INFO  [main] c.n.R.B.BaseAPITest - STATUS CODE: 404
2024-10-03 13:35:34,471 INFO  [main] c.n.R.B.BaseAPITest - RESPONSE PAYLOAD : {
    "type": "https://tools.ietf.org/html/rfc7231#section-6.5.4",
    "title": "Not Found",
    "status": 404,
    "traceId": "00-b9ca0bb3f309064999f44a533d728fa6-2589f0e88624ce4f-00"
}
2024-10-03 13:35:34,472 INFO  [main] c.n.R.B.BaseAPITest - Assertion Passed - Verify error is returned for invalid booking ID
2024-10-03 13:35:34,741 INFO  [main] c.n.R.B.BaseAPITest - Step - Attempt to retrieve booking without authentication and verify the error
2024-10-03 13:35:34,742 INFO  [main] c.n.R.B.BaseAPITest - REQUEST INFO
2024-10-03 13:35:34,742 INFO  [main] c.n.R.B.BaseAPITest - HTTP METHOD : GET
2024-10-03 13:35:34,742 INFO  [main] c.n.R.B.BaseAPITest - ENDPOINT : api/v1/Activities/{id}
2024-10-03 13:35:34,742 INFO  [main] c.n.R.B.BaseAPITest - HEADERS : {Content-type=application/json, Content-Type=application/json}
2024-10-03 13:35:34,742 INFO  [main] c.n.R.B.BaseAPITest - QUERY PARAMS : {}
2024-10-03 13:35:34,743 INFO  [main] c.n.R.B.BaseAPITest - PATH PARAMS : {id=1}
2024-10-03 13:35:35,215 INFO  [main] c.n.R.B.BaseAPITest - STATUS CODE: 200
2024-10-03 13:35:35,216 INFO  [main] c.n.R.B.BaseAPITest - RESPONSE PAYLOAD : {
    "id": 1,
    "title": "Activity 1",
    "dueDate": "2024-10-03T09:05:35.1350318+00:00",
    "completed": false
}
2024-10-03 13:35:35,217 INFO  [main] c.n.R.B.BaseAPITest - Assertion Failed - Verify that an error is returned for unauthorized access
2024-10-03 13:35:35,483 INFO  [main] c.n.R.B.BaseAPITest - Step - Attempt to retrieve booking with a valid booking ID and verify the response
2024-10-03 13:35:35,484 INFO  [main] c.n.R.B.BaseAPITest - REQUEST INFO
2024-10-03 13:35:35,484 INFO  [main] c.n.R.B.BaseAPITest - HTTP METHOD : GET
2024-10-03 13:35:35,484 INFO  [main] c.n.R.B.BaseAPITest - ENDPOINT : api/v1/Activities/{id}
2024-10-03 13:35:35,484 INFO  [main] c.n.R.B.BaseAPITest - HEADERS : {Content-type=application/json, Content-Type=application/json}
2024-10-03 13:35:35,485 INFO  [main] c.n.R.B.BaseAPITest - QUERY PARAMS : {}
2024-10-03 13:35:35,485 INFO  [main] c.n.R.B.BaseAPITest - PATH PARAMS : {id=12}
2024-10-03 13:35:35,959 INFO  [main] c.n.R.B.BaseAPITest - STATUS CODE: 200
2024-10-03 13:35:35,961 INFO  [main] c.n.R.B.BaseAPITest - RESPONSE PAYLOAD : {
    "id": 12,
    "title": "Activity 12",
    "dueDate": "2024-10-03T20:05:35.8778134+00:00",
    "completed": true
}
2024-10-03 13:35:35,961 INFO  [main] c.n.R.B.BaseAPITest - Assertion Passed - Verify that booking is retrieved successfully
