2024-10-03 16:49:04,801 INFO  [main] c.n.R.B.BaseAPITest - Extent Report Initialized successfully
2024-10-03 16:49:06,326 INFO  [main] c.n.R.B.BaseAPITest - Create a book entry with invalid id and validate the error
2024-10-03 16:49:06,326 INFO  [main] c.n.R.B.BaseAPITest - REQUEST INFO
2024-10-03 16:49:06,326 INFO  [main] c.n.R.B.BaseAPITest - HTTP METHOD : GET
2024-10-03 16:49:06,326 INFO  [main] c.n.R.B.BaseAPITest - ENDPOINT : api/v1/Books/{id}
2024-10-03 16:49:06,327 INFO  [main] c.n.R.B.BaseAPITest - HEADERS : {Content-type=application/json, Content-Type=application/json}
2024-10-03 16:49:06,327 INFO  [main] c.n.R.B.BaseAPITest - QUERY PARAMS : {}
2024-10-03 16:49:06,327 INFO  [main] c.n.R.B.BaseAPITest - PATH PARAMS : {id=1003}
2024-10-03 16:49:07,411 INFO  [main] c.n.R.B.BaseAPITest - STATUS CODE: 404
2024-10-03 16:49:07,447 INFO  [main] c.n.R.B.BaseAPITest - RESPONSE PAYLOAD : {
    "type": "https://tools.ietf.org/html/rfc7231#section-6.5.4",
    "title": "Not Found",
    "status": 404,
    "traceId": "00-c08c91ef1f0a9a4ba461feaa29460e38-689c2a3d32fe9d40-00"
}
2024-10-03 16:49:07,448 INFO  [main] c.n.R.B.BaseAPITest - Assertion Passed - Verify a valid error message for invaid boking ID
2024-10-03 16:49:07,738 INFO  [main] c.n.R.B.BaseAPITest - Create a book entry with valid id and validate
2024-10-03 16:49:07,738 INFO  [main] c.n.R.B.BaseAPITest - REQUEST INFO
2024-10-03 16:49:07,738 INFO  [main] c.n.R.B.BaseAPITest - HTTP METHOD : GET
2024-10-03 16:49:07,739 INFO  [main] c.n.R.B.BaseAPITest - ENDPOINT : api/v1/Books/{id}
2024-10-03 16:49:07,739 INFO  [main] c.n.R.B.BaseAPITest - HEADERS : {Content-type=application/json, Content-Type=application/json}
2024-10-03 16:49:07,739 INFO  [main] c.n.R.B.BaseAPITest - QUERY PARAMS : {}
2024-10-03 16:49:07,739 INFO  [main] c.n.R.B.BaseAPITest - PATH PARAMS : {id=100}
2024-10-03 16:49:08,271 INFO  [main] c.n.R.B.BaseAPITest - STATUS CODE: 200
2024-10-03 16:49:08,272 INFO  [main] c.n.R.B.BaseAPITest - RESPONSE PAYLOAD : {
    "id": 100,
    "title": "Book 100",
    "description": "Lorem lorem lorem. Lorem lorem lorem. Lorem lorem lorem.\n",
    "pageCount": 10000,
    "excerpt": "Lorem lorem lorem. Lorem lorem lorem. Lorem lorem lorem.\nLorem lorem lorem. Lorem lorem lorem. Lorem lorem lorem.\nLorem lorem lorem. Lorem lorem lorem. Lorem lorem lorem.\nLorem lorem lorem. Lorem lorem lorem. Lorem lorem lorem.\nLorem lorem lorem. Lorem lorem lorem. Lorem lorem lorem.\n",
    "publishDate": "2024-06-25T11:19:08.1648658+00:00"
}
2024-10-03 16:49:08,273 INFO  [main] c.n.R.B.BaseAPITest - Assertion Passed - Verify all books returned
