2024-10-03 22:38:29,838 INFO  [main] c.n.R.B.BaseAPITest - Extent Report Initialized successfully
2024-10-03 22:38:31,469 INFO  [main] c.n.R.B.BaseAPITest - Add a book with an empty optional field (description)
2024-10-03 22:38:31,524 INFO  [main] c.n.R.B.BaseAPITest - REQUEST INFO
2024-10-03 22:38:31,524 INFO  [main] c.n.R.B.BaseAPITest - HTTP METHOD : POST
2024-10-03 22:38:31,524 INFO  [main] c.n.R.B.BaseAPITest - ENDPOINT : api/v1/Books
2024-10-03 22:38:31,525 INFO  [main] c.n.R.B.BaseAPITest - HEADERS : {Content-type=application/json, Content-Type=application/json}
2024-10-03 22:38:31,525 INFO  [main] c.n.R.B.BaseAPITest - QUERY PARAMS : {}
2024-10-03 22:38:31,525 INFO  [main] c.n.R.B.BaseAPITest - PATH PARAMS : {}
2024-10-03 22:38:31,526 INFO  [main] c.n.R.B.BaseAPITest - REQUEST PAYLOAD :{"id":20,"idBook":10,"firstName":"Sagar","lastName":"Dua","title":null,"isbn":null,"author":null}
2024-10-03 22:38:32,943 INFO  [main] c.n.R.B.BaseAPITest - STATUS CODE: 200
2024-10-03 22:38:32,960 INFO  [main] c.n.R.B.BaseAPITest - RESPONSE PAYLOAD : {
    "id": 20,
    "title": null,
    "description": null,
    "pageCount": 0,
    "excerpt": null,
    "publishDate": "0001-01-01T00:00:00"
}
2024-10-03 22:38:32,962 INFO  [main] c.n.R.B.BaseAPITest - Assertion Failed - Verify that the book was created successfully with an empty description
2024-10-03 22:38:33,239 INFO  [main] c.n.R.B.BaseAPITest - Attempt to add a book with an already existing ISBN
2024-10-03 22:38:33,241 INFO  [main] c.n.R.B.BaseAPITest - REQUEST INFO
2024-10-03 22:38:33,241 INFO  [main] c.n.R.B.BaseAPITest - HTTP METHOD : POST
2024-10-03 22:38:33,241 INFO  [main] c.n.R.B.BaseAPITest - ENDPOINT : api/v1/Books
2024-10-03 22:38:33,242 INFO  [main] c.n.R.B.BaseAPITest - HEADERS : {Content-type=application/json, Content-Type=application/json}
2024-10-03 22:38:33,242 INFO  [main] c.n.R.B.BaseAPITest - QUERY PARAMS : {}
2024-10-03 22:38:33,242 INFO  [main] c.n.R.B.BaseAPITest - PATH PARAMS : {}
2024-10-03 22:38:33,242 INFO  [main] c.n.R.B.BaseAPITest - REQUEST PAYLOAD :{"id":11,"idBook":1,"firstName":"Ashmi","lastName":"Rani","title":null,"isbn":null,"author":null}
2024-10-03 22:38:33,752 INFO  [main] c.n.R.B.BaseAPITest - STATUS CODE: 200
2024-10-03 22:38:33,753 INFO  [main] c.n.R.B.BaseAPITest - RESPONSE PAYLOAD : {
    "id": 11,
    "title": null,
    "description": null,
    "pageCount": 0,
    "excerpt": null,
    "publishDate": "0001-01-01T00:00:00"
}
2024-10-03 22:38:33,754 INFO  [main] c.n.R.B.BaseAPITest - Assertion Failed - Verify that a 409 Conflict is returned for an existing ISBN
2024-10-03 22:38:34,029 INFO  [main] c.n.R.B.BaseAPITest - Attempt to add a book with missing required fields (ISBN)
2024-10-03 22:38:34,030 INFO  [main] c.n.R.B.BaseAPITest - REQUEST INFO
2024-10-03 22:38:34,030 INFO  [main] c.n.R.B.BaseAPITest - HTTP METHOD : POST
2024-10-03 22:38:34,030 INFO  [main] c.n.R.B.BaseAPITest - ENDPOINT : api/v1/Books
2024-10-03 22:38:34,031 INFO  [main] c.n.R.B.BaseAPITest - HEADERS : {Content-type=application/json, Content-Type=application/json}
2024-10-03 22:38:34,031 INFO  [main] c.n.R.B.BaseAPITest - QUERY PARAMS : {}
2024-10-03 22:38:34,031 INFO  [main] c.n.R.B.BaseAPITest - PATH PARAMS : {}
2024-10-03 22:38:34,032 INFO  [main] c.n.R.B.BaseAPITest - REQUEST PAYLOAD :{"id":10,"idBook":102,"firstName":"Saurav","lastName":"Pal","title":null,"isbn":null,"author":null}
2024-10-03 22:38:34,520 INFO  [main] c.n.R.B.BaseAPITest - STATUS CODE: 200
2024-10-03 22:38:34,522 INFO  [main] c.n.R.B.BaseAPITest - RESPONSE PAYLOAD : {
    "id": 10,
    "title": null,
    "description": null,
    "pageCount": 0,
    "excerpt": null,
    "publishDate": "0001-01-01T00:00:00"
}
2024-10-03 22:38:34,522 INFO  [main] c.n.R.B.BaseAPITest - Assertion Failed - Verify that a 400 Bad Request is returned for missing required fields
2024-10-03 22:38:34,796 INFO  [main] c.n.R.B.BaseAPITest - Add a new book with all required fields
2024-10-03 22:38:34,796 INFO  [main] c.n.R.B.BaseAPITest - REQUEST INFO
2024-10-03 22:38:34,797 INFO  [main] c.n.R.B.BaseAPITest - HTTP METHOD : POST
2024-10-03 22:38:34,797 INFO  [main] c.n.R.B.BaseAPITest - ENDPOINT : api/v1/Books
2024-10-03 22:38:34,797 INFO  [main] c.n.R.B.BaseAPITest - HEADERS : {Content-type=application/json, Content-Type=application/json}
2024-10-03 22:38:34,798 INFO  [main] c.n.R.B.BaseAPITest - QUERY PARAMS : {}
2024-10-03 22:38:34,798 INFO  [main] c.n.R.B.BaseAPITest - PATH PARAMS : {}
2024-10-03 22:38:34,798 INFO  [main] c.n.R.B.BaseAPITest - REQUEST PAYLOAD :{"id":1002,"idBook":100,"firstName":"Bakul","lastName":"Bhardwaj","title":null,"isbn":null,"author":null}
2024-10-03 22:38:35,285 INFO  [main] c.n.R.B.BaseAPITest - STATUS CODE: 200
2024-10-03 22:38:35,286 INFO  [main] c.n.R.B.BaseAPITest - RESPONSE PAYLOAD : {
    "id": 1002,
    "title": null,
    "description": null,
    "pageCount": 0,
    "excerpt": null,
    "publishDate": "0001-01-01T00:00:00"
}
2024-10-03 22:38:35,287 INFO  [main] c.n.R.B.BaseAPITest - Assertion Failed - Verify that the book was created successfully
