2024-10-03 16:41:26,934 INFO  [main] c.n.R.B.BaseAPITest - Extent Report Initialized successfully
2024-10-03 16:41:28,635 INFO  [main] c.n.R.B.BaseAPITest - Create a book entry with invalid id and validate the error
2024-10-03 16:41:28,636 INFO  [main] c.n.R.B.BaseAPITest - REQUEST INFO
2024-10-03 16:41:28,636 INFO  [main] c.n.R.B.BaseAPITest - HTTP METHOD : GET
2024-10-03 16:41:28,636 INFO  [main] c.n.R.B.BaseAPITest - ENDPOINT : api/v1/Books/{id}
2024-10-03 16:41:28,636 INFO  [main] c.n.R.B.BaseAPITest - HEADERS : {Content-type=application/json, Content-Type=application/json}
2024-10-03 16:41:28,636 INFO  [main] c.n.R.B.BaseAPITest - QUERY PARAMS : {}
2024-10-03 16:41:28,637 INFO  [main] c.n.R.B.BaseAPITest - PATH PARAMS : {id=1003}
2024-10-03 16:41:29,725 INFO  [main] c.n.R.B.BaseAPITest - STATUS CODE: 404
2024-10-03 16:41:29,760 INFO  [main] c.n.R.B.BaseAPITest - RESPONSE PAYLOAD : {
    "type": "https://tools.ietf.org/html/rfc7231#section-6.5.4",
    "title": "Not Found",
    "status": 404,
    "traceId": "00-871bcb2dc1b094449aaa963e04acc48e-0fd9b012b4712647-00"
}
2024-10-03 16:41:29,761 INFO  [main] c.n.R.B.BaseAPITest - Assertion Passed - Verify a valid error message for invaid boking ID
2024-10-03 16:41:30,049 INFO  [main] c.n.R.B.BaseAPITest - Create a book entry with valid id and validate
2024-10-03 16:41:30,049 INFO  [main] c.n.R.B.BaseAPITest - REQUEST INFO
2024-10-03 16:41:30,049 INFO  [main] c.n.R.B.BaseAPITest - HTTP METHOD : GET
2024-10-03 16:41:30,049 INFO  [main] c.n.R.B.BaseAPITest - ENDPOINT : api/v1/Books/{id}
2024-10-03 16:41:30,050 INFO  [main] c.n.R.B.BaseAPITest - HEADERS : {Content-type=application/json, Content-Type=application/json}
2024-10-03 16:41:30,050 INFO  [main] c.n.R.B.BaseAPITest - QUERY PARAMS : {}
2024-10-03 16:41:30,051 INFO  [main] c.n.R.B.BaseAPITest - PATH PARAMS : {id=1}
2024-10-03 16:41:30,514 INFO  [main] c.n.R.B.BaseAPITest - STATUS CODE: 200
2024-10-03 16:41:30,520 INFO  [main] c.n.R.B.BaseAPITest - RESPONSE PAYLOAD : {
    "id": 1,
    "title": "Book 1",
    "description": "Lorem lorem lorem. Lorem lorem lorem. Lorem lorem lorem.\n",
    "pageCount": 100,
    "excerpt": "Lorem lorem lorem. Lorem lorem lorem. Lorem lorem lorem.\nLorem lorem lorem. Lorem lorem lorem. Lorem lorem lorem.\nLorem lorem lorem. Lorem lorem lorem. Lorem lorem lorem.\nLorem lorem lorem. Lorem lorem lorem. Lorem lorem lorem.\nLorem lorem lorem. Lorem lorem lorem. Lorem lorem lorem.\n",
    "publishDate": "2024-10-02T11:11:30.4251523+00:00"
}
2024-10-03 16:41:30,521 INFO  [main] c.n.R.B.BaseAPITest - Assertion Passed - Verify all books returned
