2024-10-03 16:42:36,758 INFO  [main] c.n.R.B.BaseAPITest - Extent Report Initialized successfully
2024-10-03 16:42:38,235 INFO  [main] c.n.R.B.BaseAPITest - Create a book entry with invalid id and validate the error
2024-10-03 16:42:38,235 INFO  [main] c.n.R.B.BaseAPITest - REQUEST INFO
2024-10-03 16:42:38,235 INFO  [main] c.n.R.B.BaseAPITest - HTTP METHOD : GET
2024-10-03 16:42:38,235 INFO  [main] c.n.R.B.BaseAPITest - ENDPOINT : api/v1/Books/{id}
2024-10-03 16:42:38,235 INFO  [main] c.n.R.B.BaseAPITest - HEADERS : {Content-type=application/json, Content-Type=application/json}
2024-10-03 16:42:38,236 INFO  [main] c.n.R.B.BaseAPITest - QUERY PARAMS : {}
2024-10-03 16:42:38,236 INFO  [main] c.n.R.B.BaseAPITest - PATH PARAMS : {id=1003}
2024-10-03 16:42:39,296 INFO  [main] c.n.R.B.BaseAPITest - STATUS CODE: 404
2024-10-03 16:42:39,330 INFO  [main] c.n.R.B.BaseAPITest - RESPONSE PAYLOAD : {
    "type": "https://tools.ietf.org/html/rfc7231#section-6.5.4",
    "title": "Not Found",
    "status": 404,
    "traceId": "00-a1505021b3a07649999ca4f9d7288860-69ba812306ee3343-00"
}
2024-10-03 16:42:39,332 INFO  [main] c.n.R.B.BaseAPITest - Assertion Passed - Verify a valid error message for invaid boking ID
2024-10-03 16:42:39,602 INFO  [main] c.n.R.B.BaseAPITest - Create a book entry with valid id and validate
2024-10-03 16:42:39,602 INFO  [main] c.n.R.B.BaseAPITest - REQUEST INFO
2024-10-03 16:42:39,602 INFO  [main] c.n.R.B.BaseAPITest - HTTP METHOD : GET
2024-10-03 16:42:39,602 INFO  [main] c.n.R.B.BaseAPITest - ENDPOINT : api/v1/Books/{id}
2024-10-03 16:42:39,603 INFO  [main] c.n.R.B.BaseAPITest - HEADERS : {Content-type=application/json, Content-Type=application/json}
2024-10-03 16:42:39,603 INFO  [main] c.n.R.B.BaseAPITest - QUERY PARAMS : {}
2024-10-03 16:42:39,603 INFO  [main] c.n.R.B.BaseAPITest - PATH PARAMS : {id=1}
2024-10-03 16:42:40,073 INFO  [main] c.n.R.B.BaseAPITest - STATUS CODE: 200
2024-10-03 16:42:40,075 INFO  [main] c.n.R.B.BaseAPITest - RESPONSE PAYLOAD : {
    "id": 1,
    "title": "Book 1",
    "description": "Lorem lorem lorem. Lorem lorem lorem. Lorem lorem lorem.\n",
    "pageCount": 100,
    "excerpt": "Lorem lorem lorem. Lorem lorem lorem. Lorem lorem lorem.\nLorem lorem lorem. Lorem lorem lorem. Lorem lorem lorem.\nLorem lorem lorem. Lorem lorem lorem. Lorem lorem lorem.\nLorem lorem lorem. Lorem lorem lorem. Lorem lorem lorem.\nLorem lorem lorem. Lorem lorem lorem. Lorem lorem lorem.\n",
    "publishDate": "2024-10-02T11:12:39.9830419+00:00"
}
2024-10-03 16:42:40,075 INFO  [main] c.n.R.B.BaseAPITest - Assertion Passed - Verify all books returned
