2024-10-03 22:52:27,804 INFO  [main] c.n.R.B.BaseAPITest - Extent Report Initialized successfully
2024-10-03 22:52:29,430 INFO  [main] c.n.R.B.BaseAPITest -  Step - Call a delete booking API with invalid Booking ID
2024-10-03 22:52:31,170 INFO  [main] c.n.R.B.BaseAPITest -  Step - Create a booking and call Delete booking API to delete that booking
2024-10-03 22:52:31,192 INFO  [main] c.n.R.B.BaseAPITest - REQUEST INFO
2024-10-03 22:52:31,192 INFO  [main] c.n.R.B.BaseAPITest - HTTP METHOD : POST
2024-10-03 22:52:31,192 INFO  [main] c.n.R.B.BaseAPITest - ENDPOINT : booking
2024-10-03 22:52:31,194 INFO  [main] c.n.R.B.BaseAPITest - HEADERS : {Content-Type=application/json}
2024-10-03 22:52:31,194 INFO  [main] c.n.R.B.BaseAPITest - QUERY PARAMS : {}
2024-10-03 22:52:31,194 INFO  [main] c.n.R.B.BaseAPITest - PATH PARAMS : {}
2024-10-03 22:52:31,195 INFO  [main] c.n.R.B.BaseAPITest - REQUEST PAYLOAD :{"firstname":"Deepak","lastname":"Sharma","totalprice":111.0,"depositpaid":true,"additionalneeds":"Lunch","bookingdates":{"checkin":"2018-01-01","checkout":"2019-01-01"}}
2024-10-03 22:52:31,745 INFO  [main] c.n.R.B.BaseAPITest - STATUS CODE: 404
2024-10-03 22:52:31,745 INFO  [main] c.n.R.B.BaseAPITest - RESPONSE PAYLOAD : 
2024-10-03 22:52:32,021 INFO  [main] c.n.R.B.BaseAPITest -  Step - Call a delete booking API without doing authorization And verify the error
2024-10-03 22:52:32,022 INFO  [main] c.n.R.B.BaseAPITest - REQUEST INFO
2024-10-03 22:52:32,022 INFO  [main] c.n.R.B.BaseAPITest - HTTP METHOD : DELETE
2024-10-03 22:52:32,022 INFO  [main] c.n.R.B.BaseAPITest - ENDPOINT : booking/{id}
2024-10-03 22:52:32,023 INFO  [main] c.n.R.B.BaseAPITest - HEADERS : {}
2024-10-03 22:52:32,023 INFO  [main] c.n.R.B.BaseAPITest - QUERY PARAMS : {}
2024-10-03 22:52:32,023 INFO  [main] c.n.R.B.BaseAPITest - PATH PARAMS : {id=1234}
2024-10-03 22:52:32,528 INFO  [main] c.n.R.B.BaseAPITest - STATUS CODE: 404
2024-10-03 22:52:32,528 INFO  [main] c.n.R.B.BaseAPITest - RESPONSE PAYLOAD : 
2024-10-03 22:52:32,532 INFO  [main] c.n.R.B.BaseAPITest - Assertion Failed -  Verify that the API returns 403
