2024-10-03 17:04:13,269 INFO  [main] c.n.R.B.BaseAPITest - Extent Report Initialized successfully
2024-10-03 17:04:15,067 INFO  [main] c.n.R.B.BaseAPITest - Create a book entry with invalid id and validate the error
2024-10-03 17:04:15,068 INFO  [main] c.n.R.B.BaseAPITest - REQUEST INFO
2024-10-03 17:04:15,068 INFO  [main] c.n.R.B.BaseAPITest - HTTP METHOD : GET
2024-10-03 17:04:15,068 INFO  [main] c.n.R.B.BaseAPITest - ENDPOINT : api/v1/Books/{id}
2024-10-03 17:04:15,068 INFO  [main] c.n.R.B.BaseAPITest - HEADERS : {Content-type=application/json, Content-Type=application/json}
2024-10-03 17:04:15,068 INFO  [main] c.n.R.B.BaseAPITest - QUERY PARAMS : {}
2024-10-03 17:04:15,068 INFO  [main] c.n.R.B.BaseAPITest - PATH PARAMS : {id=1003}
2024-10-03 17:04:16,190 INFO  [main] c.n.R.B.BaseAPITest - STATUS CODE: 404
2024-10-03 17:04:16,223 INFO  [main] c.n.R.B.BaseAPITest - RESPONSE PAYLOAD : {
    "type": "https://tools.ietf.org/html/rfc7231#section-6.5.4",
    "title": "Not Found",
    "status": 404,
    "traceId": "00-f7a0161776dc9843a6ac0073c402448a-ccca494aa527df4c-00"
}
2024-10-03 17:04:16,225 INFO  [main] c.n.R.B.BaseAPITest - Assertion Passed - Verify a valid error message for invaid boking ID
2024-10-03 17:04:16,499 INFO  [main] c.n.R.B.BaseAPITest - Create a book entry with valid id and validate
2024-10-03 17:04:16,500 INFO  [main] c.n.R.B.BaseAPITest - REQUEST INFO
2024-10-03 17:04:16,500 INFO  [main] c.n.R.B.BaseAPITest - HTTP METHOD : GET
2024-10-03 17:04:16,500 INFO  [main] c.n.R.B.BaseAPITest - ENDPOINT : api/v1/Books/{id}
2024-10-03 17:04:16,500 INFO  [main] c.n.R.B.BaseAPITest - HEADERS : {Content-type=application/json, Content-Type=application/json}
2024-10-03 17:04:16,500 INFO  [main] c.n.R.B.BaseAPITest - QUERY PARAMS : {}
2024-10-03 17:04:16,500 INFO  [main] c.n.R.B.BaseAPITest - PATH PARAMS : {id=1}
2024-10-03 17:04:17,007 INFO  [main] c.n.R.B.BaseAPITest - STATUS CODE: 200
2024-10-03 17:04:17,009 INFO  [main] c.n.R.B.BaseAPITest - RESPONSE PAYLOAD : {
    "id": 1,
    "title": "Book 1",
    "description": "Lorem lorem lorem. Lorem lorem lorem. Lorem lorem lorem.\n",
    "pageCount": 100,
    "excerpt": "Lorem lorem lorem. Lorem lorem lorem. Lorem lorem lorem.\nLorem lorem lorem. Lorem lorem lorem. Lorem lorem lorem.\nLorem lorem lorem. Lorem lorem lorem. Lorem lorem lorem.\nLorem lorem lorem. Lorem lorem lorem. Lorem lorem lorem.\nLorem lorem lorem. Lorem lorem lorem. Lorem lorem lorem.\n",
    "publishDate": "2024-10-02T11:34:16.911141+00:00"
}
2024-10-03 17:04:17,009 INFO  [main] c.n.R.B.BaseAPITest - Assertion Passed - Verify all books returned
