2024-10-03 22:41:56,003 INFO  [main] c.n.R.B.BaseAPITest - Extent Report Initialized successfully
2024-10-03 22:41:57,648 INFO  [main] c.n.R.B.BaseAPITest - Add a book with an empty optional field (description)
2024-10-03 22:41:57,698 INFO  [main] c.n.R.B.BaseAPITest - REQUEST INFO
2024-10-03 22:41:57,699 INFO  [main] c.n.R.B.BaseAPITest - HTTP METHOD : POST
2024-10-03 22:41:57,699 INFO  [main] c.n.R.B.BaseAPITest - ENDPOINT : api/v1/Books
2024-10-03 22:41:57,699 INFO  [main] c.n.R.B.BaseAPITest - HEADERS : {Content-type=application/json, Content-Type=application/json}
2024-10-03 22:41:57,700 INFO  [main] c.n.R.B.BaseAPITest - QUERY PARAMS : {}
2024-10-03 22:41:57,701 INFO  [main] c.n.R.B.BaseAPITest - PATH PARAMS : {}
2024-10-03 22:41:57,701 INFO  [main] c.n.R.B.BaseAPITest - REQUEST PAYLOAD :{"id":20,"idBook":10,"firstName":"Sagar","lastName":"Dua","title":null,"isbn":null,"author":null}
2024-10-03 22:41:59,154 INFO  [main] c.n.R.B.BaseAPITest - STATUS CODE: 200
2024-10-03 22:41:59,177 INFO  [main] c.n.R.B.BaseAPITest - RESPONSE PAYLOAD : {
    "id": 20,
    "title": null,
    "description": null,
    "pageCount": 0,
    "excerpt": null,
    "publishDate": "0001-01-01T00:00:00"
}
2024-10-03 22:41:59,180 INFO  [main] c.n.R.B.BaseAPITest - Assertion Passed - Verify that the book was created successfully with an empty description
2024-10-03 22:41:59,466 INFO  [main] c.n.R.B.BaseAPITest - Attempt to add a book with an already existing ISBN
2024-10-03 22:41:59,468 INFO  [main] c.n.R.B.BaseAPITest - REQUEST INFO
2024-10-03 22:41:59,468 INFO  [main] c.n.R.B.BaseAPITest - HTTP METHOD : POST
2024-10-03 22:41:59,468 INFO  [main] c.n.R.B.BaseAPITest - ENDPOINT : api/v1/Books
2024-10-03 22:41:59,469 INFO  [main] c.n.R.B.BaseAPITest - HEADERS : {Content-type=application/json, Content-Type=application/json}
2024-10-03 22:41:59,469 INFO  [main] c.n.R.B.BaseAPITest - QUERY PARAMS : {}
2024-10-03 22:41:59,469 INFO  [main] c.n.R.B.BaseAPITest - PATH PARAMS : {}
2024-10-03 22:41:59,469 INFO  [main] c.n.R.B.BaseAPITest - REQUEST PAYLOAD :{"id":11,"idBook":1,"firstName":"Ashmi","lastName":"Rani","title":null,"isbn":null,"author":null}
2024-10-03 22:41:59,962 INFO  [main] c.n.R.B.BaseAPITest - STATUS CODE: 200
2024-10-03 22:41:59,964 INFO  [main] c.n.R.B.BaseAPITest - RESPONSE PAYLOAD : {
    "id": 11,
    "title": null,
    "description": null,
    "pageCount": 0,
    "excerpt": null,
    "publishDate": "0001-01-01T00:00:00"
}
2024-10-03 22:41:59,965 INFO  [main] c.n.R.B.BaseAPITest - Assertion Failed - Verify that a 409 Conflict is returned for an existing ISBN
2024-10-03 22:42:00,248 INFO  [main] c.n.R.B.BaseAPITest - Attempt to add a book with missing required fields (ISBN)
2024-10-03 22:42:00,249 INFO  [main] c.n.R.B.BaseAPITest - REQUEST INFO
2024-10-03 22:42:00,249 INFO  [main] c.n.R.B.BaseAPITest - HTTP METHOD : POST
2024-10-03 22:42:00,250 INFO  [main] c.n.R.B.BaseAPITest - ENDPOINT : api/v1/Books
2024-10-03 22:42:00,250 INFO  [main] c.n.R.B.BaseAPITest - HEADERS : {Content-type=application/json, Content-Type=application/json}
2024-10-03 22:42:00,250 INFO  [main] c.n.R.B.BaseAPITest - QUERY PARAMS : {}
2024-10-03 22:42:00,250 INFO  [main] c.n.R.B.BaseAPITest - PATH PARAMS : {}
2024-10-03 22:42:00,251 INFO  [main] c.n.R.B.BaseAPITest - REQUEST PAYLOAD :{"id":1000,"idBook":102,"firstName":"Saurav","lastName":"Pal","title":null,"isbn":null,"author":null}
2024-10-03 22:42:00,739 INFO  [main] c.n.R.B.BaseAPITest - STATUS CODE: 200
2024-10-03 22:42:00,741 INFO  [main] c.n.R.B.BaseAPITest - RESPONSE PAYLOAD : {
    "id": 1000,
    "title": null,
    "description": null,
    "pageCount": 0,
    "excerpt": null,
    "publishDate": "0001-01-01T00:00:00"
}
2024-10-03 22:42:00,742 INFO  [main] c.n.R.B.BaseAPITest - Assertion Failed - Verify that a 400 Bad Request is returned for missing required fields
2024-10-03 22:42:01,024 INFO  [main] c.n.R.B.BaseAPITest - Add a new book with all required fields
2024-10-03 22:42:01,025 INFO  [main] c.n.R.B.BaseAPITest - REQUEST INFO
2024-10-03 22:42:01,025 INFO  [main] c.n.R.B.BaseAPITest - HTTP METHOD : POST
2024-10-03 22:42:01,025 INFO  [main] c.n.R.B.BaseAPITest - ENDPOINT : api/v1/Books
2024-10-03 22:42:01,026 INFO  [main] c.n.R.B.BaseAPITest - HEADERS : {Content-type=application/json, Content-Type=application/json}
2024-10-03 22:42:01,026 INFO  [main] c.n.R.B.BaseAPITest - QUERY PARAMS : {}
2024-10-03 22:42:01,026 INFO  [main] c.n.R.B.BaseAPITest - PATH PARAMS : {}
2024-10-03 22:42:01,026 INFO  [main] c.n.R.B.BaseAPITest - REQUEST PAYLOAD :{"id":1002,"idBook":100,"firstName":"Bakul","lastName":"Bhardwaj","title":null,"isbn":null,"author":null}
2024-10-03 22:42:01,520 INFO  [main] c.n.R.B.BaseAPITest - STATUS CODE: 200
2024-10-03 22:42:01,521 INFO  [main] c.n.R.B.BaseAPITest - RESPONSE PAYLOAD : {
    "id": 1002,
    "title": null,
    "description": null,
    "pageCount": 0,
    "excerpt": null,
    "publishDate": "0001-01-01T00:00:00"
}
2024-10-03 22:42:01,522 INFO  [main] c.n.R.B.BaseAPITest - Assertion Passed - Verify that the book was created successfully
