2024-10-03 16:48:21,805 INFO  [main] c.n.R.B.BaseAPITest - Extent Report Initialized successfully
2024-10-03 16:48:23,307 INFO  [main] c.n.R.B.BaseAPITest - Create a book entry with invalid id and validate the error
2024-10-03 16:48:23,308 INFO  [main] c.n.R.B.BaseAPITest - REQUEST INFO
2024-10-03 16:48:23,308 INFO  [main] c.n.R.B.BaseAPITest - HTTP METHOD : GET
2024-10-03 16:48:23,308 INFO  [main] c.n.R.B.BaseAPITest - ENDPOINT : api/v1/Books/{id}
2024-10-03 16:48:23,308 INFO  [main] c.n.R.B.BaseAPITest - HEADERS : {Content-type=application/json, Content-Type=application/json}
2024-10-03 16:48:23,309 INFO  [main] c.n.R.B.BaseAPITest - QUERY PARAMS : {}
2024-10-03 16:48:23,309 INFO  [main] c.n.R.B.BaseAPITest - PATH PARAMS : {id=1003}
2024-10-03 16:48:24,330 INFO  [main] c.n.R.B.BaseAPITest - STATUS CODE: 404
2024-10-03 16:48:24,363 INFO  [main] c.n.R.B.BaseAPITest - RESPONSE PAYLOAD : {
    "type": "https://tools.ietf.org/html/rfc7231#section-6.5.4",
    "title": "Not Found",
    "status": 404,
    "traceId": "00-517b74dcbd09654d8d43c7e6f0459c15-2d5c857258f7d247-00"
}
2024-10-03 16:48:24,364 INFO  [main] c.n.R.B.BaseAPITest - Assertion Passed - Verify a valid error message for invaid boking ID
2024-10-03 16:48:24,645 INFO  [main] c.n.R.B.BaseAPITest - Create a book entry with valid id and validate
2024-10-03 16:48:24,646 INFO  [main] c.n.R.B.BaseAPITest - REQUEST INFO
2024-10-03 16:48:24,646 INFO  [main] c.n.R.B.BaseAPITest - HTTP METHOD : GET
2024-10-03 16:48:24,646 INFO  [main] c.n.R.B.BaseAPITest - ENDPOINT : api/v1/Books/{id}
2024-10-03 16:48:24,646 INFO  [main] c.n.R.B.BaseAPITest - HEADERS : {Content-type=application/json, Content-Type=application/json}
2024-10-03 16:48:24,646 INFO  [main] c.n.R.B.BaseAPITest - QUERY PARAMS : {}
2024-10-03 16:48:24,646 INFO  [main] c.n.R.B.BaseAPITest - PATH PARAMS : {id=100}
2024-10-03 16:48:25,115 INFO  [main] c.n.R.B.BaseAPITest - STATUS CODE: 200
2024-10-03 16:48:25,116 INFO  [main] c.n.R.B.BaseAPITest - RESPONSE PAYLOAD : {
    "id": 100,
    "title": "Book 100",
    "description": "Lorem lorem lorem. Lorem lorem lorem. Lorem lorem lorem.\n",
    "pageCount": 10000,
    "excerpt": "Lorem lorem lorem. Lorem lorem lorem. Lorem lorem lorem.\nLorem lorem lorem. Lorem lorem lorem. Lorem lorem lorem.\nLorem lorem lorem. Lorem lorem lorem. Lorem lorem lorem.\nLorem lorem lorem. Lorem lorem lorem. Lorem lorem lorem.\nLorem lorem lorem. Lorem lorem lorem. Lorem lorem lorem.\n",
    "publishDate": "2024-06-25T11:18:25.0235732+00:00"
}
2024-10-03 16:48:25,117 INFO  [main] c.n.R.B.BaseAPITest - Assertion Passed - Verify all books returned
