2024-10-03 22:45:30,242 INFO  [main] c.n.R.B.BaseAPITest - Extent Report Initialized successfully
2024-10-03 22:45:31,953 INFO  [main] c.n.R.B.BaseAPITest - REQUEST INFO
2024-10-03 22:45:31,954 INFO  [main] c.n.R.B.BaseAPITest - HTTP METHOD : POST
2024-10-03 22:45:31,954 INFO  [main] c.n.R.B.BaseAPITest - ENDPOINT : api/v1/Authors
2024-10-03 22:45:31,954 INFO  [main] c.n.R.B.BaseAPITest - HEADERS : {Content-type=application/json, Content-Type=application/json}
2024-10-03 22:45:31,955 INFO  [main] c.n.R.B.BaseAPITest - QUERY PARAMS : {}
2024-10-03 22:45:31,955 INFO  [main] c.n.R.B.BaseAPITest - PATH PARAMS : {}
2024-10-03 22:45:31,955 INFO  [main] c.n.R.B.BaseAPITest - REQUEST PAYLOAD :{"firstName":"Tay","lastName":"kal","id":23,"idBook":78}
2024-10-03 22:45:33,466 INFO  [main] c.n.R.B.BaseAPITest - STATUS CODE: 200
2024-10-03 22:45:33,487 INFO  [main] c.n.R.B.BaseAPITest - RESPONSE PAYLOAD : {
    "id": 23,
    "idBook": 78,
    "firstName": "Tay",
    "lastName": "kal"
}
2024-10-03 22:45:33,491 INFO  [main] c.n.R.B.BaseAPITest - Assertion Failed - Conflict: Author with this name already exists
2024-10-03 22:45:33,776 INFO  [main] c.n.R.B.BaseAPITest - REQUEST INFO
2024-10-03 22:45:33,776 INFO  [main] c.n.R.B.BaseAPITest - HTTP METHOD : POST
2024-10-03 22:45:33,776 INFO  [main] c.n.R.B.BaseAPITest - ENDPOINT : api/v1/Authors
2024-10-03 22:45:33,776 INFO  [main] c.n.R.B.BaseAPITest - HEADERS : {Content-type=application/json, Content-Type=application/json}
2024-10-03 22:45:33,777 INFO  [main] c.n.R.B.BaseAPITest - QUERY PARAMS : {}
2024-10-03 22:45:33,777 INFO  [main] c.n.R.B.BaseAPITest - PATH PARAMS : {}
2024-10-03 22:45:33,777 INFO  [main] c.n.R.B.BaseAPITest - REQUEST PAYLOAD :{"firstName":"Bakul","lastName":"Bhardwaj","id":1,"idBook":1002}
2024-10-03 22:45:34,265 INFO  [main] c.n.R.B.BaseAPITest - STATUS CODE: 200
2024-10-03 22:45:34,266 INFO  [main] c.n.R.B.BaseAPITest - RESPONSE PAYLOAD : {
    "id": 1,
    "idBook": 1002,
    "firstName": "Bakul",
    "lastName": "Bhardwaj"
}
2024-10-03 22:45:34,266 INFO  [main] c.n.R.B.BaseAPITest - Assertion Passed - Author created successfully with maximum length fields
2024-10-03 22:45:34,545 INFO  [main] c.n.R.B.BaseAPITest - REQUEST INFO
2024-10-03 22:45:34,545 INFO  [main] c.n.R.B.BaseAPITest - HTTP METHOD : POST
2024-10-03 22:45:34,546 INFO  [main] c.n.R.B.BaseAPITest - ENDPOINT : api/v1/Authors
2024-10-03 22:45:34,546 INFO  [main] c.n.R.B.BaseAPITest - HEADERS : {Content-type=application/json, Content-Type=application/json}
2024-10-03 22:45:34,547 INFO  [main] c.n.R.B.BaseAPITest - QUERY PARAMS : {}
2024-10-03 22:45:34,547 INFO  [main] c.n.R.B.BaseAPITest - PATH PARAMS : {}
2024-10-03 22:45:34,547 INFO  [main] c.n.R.B.BaseAPITest - REQUEST PAYLOAD :{"firstName":"Fash","lastName":"Gar","id":3,"idBook":40}
2024-10-03 22:45:35,036 INFO  [main] c.n.R.B.BaseAPITest - STATUS CODE: 200
2024-10-03 22:45:35,038 INFO  [main] c.n.R.B.BaseAPITest - RESPONSE PAYLOAD : {
    "id": 3,
    "idBook": 40,
    "firstName": "Fash",
    "lastName": "Gar"
}
2024-10-03 22:45:35,038 INFO  [main] c.n.R.B.BaseAPITest - Assertion Passed - Author created successfully with missing optional fields
2024-10-03 22:45:35,314 INFO  [main] c.n.R.B.BaseAPITest - REQUEST INFO
2024-10-03 22:45:35,315 INFO  [main] c.n.R.B.BaseAPITest - HTTP METHOD : POST
2024-10-03 22:45:35,315 INFO  [main] c.n.R.B.BaseAPITest - ENDPOINT : api/v1/Authors
2024-10-03 22:45:35,315 INFO  [main] c.n.R.B.BaseAPITest - HEADERS : {Content-type=application/json, Content-Type=application/json}
2024-10-03 22:45:35,316 INFO  [main] c.n.R.B.BaseAPITest - QUERY PARAMS : {}
2024-10-03 22:45:35,316 INFO  [main] c.n.R.B.BaseAPITest - PATH PARAMS : {}
2024-10-03 22:45:35,316 INFO  [main] c.n.R.B.BaseAPITest - REQUEST PAYLOAD :{"firstName":"Jak","lastName":"Lam","id":3,"idBook":90}
2024-10-03 22:45:35,787 INFO  [main] c.n.R.B.BaseAPITest - STATUS CODE: 200
2024-10-03 22:45:35,789 INFO  [main] c.n.R.B.BaseAPITest - RESPONSE PAYLOAD : {
    "id": 3,
    "idBook": 90,
    "firstName": "Jak",
    "lastName": "Lam"
}
2024-10-03 22:45:35,790 INFO  [main] c.n.R.B.BaseAPITest - Assertion Passed - Author created successfully
