2024-10-03 16:58:53,316 INFO  [main] c.n.R.B.BaseAPITest - Extent Report Initialized successfully
2024-10-03 16:58:54,804 INFO  [main] c.n.R.B.BaseAPITest - Create a book entry with invalid id and validate the error
2024-10-03 16:58:54,804 INFO  [main] c.n.R.B.BaseAPITest - REQUEST INFO
2024-10-03 16:58:54,804 INFO  [main] c.n.R.B.BaseAPITest - HTTP METHOD : GET
2024-10-03 16:58:54,805 INFO  [main] c.n.R.B.BaseAPITest - ENDPOINT : api/v1/Books/{id}
2024-10-03 16:58:54,805 INFO  [main] c.n.R.B.BaseAPITest - HEADERS : {Content-type=application/json, Content-Type=application/json}
2024-10-03 16:58:54,805 INFO  [main] c.n.R.B.BaseAPITest - QUERY PARAMS : {}
2024-10-03 16:58:54,805 INFO  [main] c.n.R.B.BaseAPITest - PATH PARAMS : {id=1003}
2024-10-03 16:58:55,888 INFO  [main] c.n.R.B.BaseAPITest - STATUS CODE: 404
2024-10-03 16:58:55,923 INFO  [main] c.n.R.B.BaseAPITest - RESPONSE PAYLOAD : {
    "type": "https://tools.ietf.org/html/rfc7231#section-6.5.4",
    "title": "Not Found",
    "status": 404,
    "traceId": "00-c72684eb00e9e84db34730d5a7e371ee-d446be86644ae24e-00"
}
2024-10-03 16:58:55,925 INFO  [main] c.n.R.B.BaseAPITest - Assertion Passed - Verify a valid error message for invaid boking ID
2024-10-03 16:58:56,201 INFO  [main] c.n.R.B.BaseAPITest - Create a book entry with valid id and validate
2024-10-03 16:58:56,201 INFO  [main] c.n.R.B.BaseAPITest - REQUEST INFO
2024-10-03 16:58:56,202 INFO  [main] c.n.R.B.BaseAPITest - HTTP METHOD : GET
2024-10-03 16:58:56,202 INFO  [main] c.n.R.B.BaseAPITest - ENDPOINT : api/v1/Books/{id}
2024-10-03 16:58:56,202 INFO  [main] c.n.R.B.BaseAPITest - HEADERS : {Content-type=application/json, Content-Type=application/json}
2024-10-03 16:58:56,202 INFO  [main] c.n.R.B.BaseAPITest - QUERY PARAMS : {}
2024-10-03 16:58:56,202 INFO  [main] c.n.R.B.BaseAPITest - PATH PARAMS : {id=100}
2024-10-03 16:58:56,674 INFO  [main] c.n.R.B.BaseAPITest - STATUS CODE: 200
2024-10-03 16:58:56,675 INFO  [main] c.n.R.B.BaseAPITest - RESPONSE PAYLOAD : {
    "id": 100,
    "title": "Book 100",
    "description": "Lorem lorem lorem. Lorem lorem lorem. Lorem lorem lorem.\n",
    "pageCount": 10000,
    "excerpt": "Lorem lorem lorem. Lorem lorem lorem. Lorem lorem lorem.\nLorem lorem lorem. Lorem lorem lorem. Lorem lorem lorem.\nLorem lorem lorem. Lorem lorem lorem. Lorem lorem lorem.\nLorem lorem lorem. Lorem lorem lorem. Lorem lorem lorem.\nLorem lorem lorem. Lorem lorem lorem. Lorem lorem lorem.\n",
    "publishDate": "2024-06-25T11:28:56.5838822+00:00"
}
2024-10-03 16:58:56,676 INFO  [main] c.n.R.B.BaseAPITest - Assertion Passed - Verify all books returned
