2024-10-03 18:10:11,763 INFO  [main] c.n.R.B.BaseAPITest - Extent Report Initialized successfully
2024-10-03 18:10:13,304 INFO  [main] c.n.R.B.BaseAPITest - Add a book with an empty optional field (description)
2024-10-03 18:10:13,304 INFO  [main] c.n.R.B.BaseAPITest - REQUEST INFO
2024-10-03 18:10:13,304 INFO  [main] c.n.R.B.BaseAPITest - HTTP METHOD : POST
2024-10-03 18:10:13,304 INFO  [main] c.n.R.B.BaseAPITest - ENDPOINT : api/v1/Books
2024-10-03 18:10:13,305 INFO  [main] c.n.R.B.BaseAPITest - HEADERS : {Content-type=application/json, Content-Type=application/json}
2024-10-03 18:10:13,305 INFO  [main] c.n.R.B.BaseAPITest - QUERY PARAMS : {}
2024-10-03 18:10:13,305 INFO  [main] c.n.R.B.BaseAPITest - PATH PARAMS : {}
2024-10-03 18:10:13,305 INFO  [main] c.n.R.B.BaseAPITest - REQUEST PAYLOAD :{ "title": "Sample Book Title", "author": "Sample Author", "ISBN": "123-4567890123", "description": "" }
2024-10-03 18:10:14,527 INFO  [main] c.n.R.B.BaseAPITest - STATUS CODE: 200
2024-10-03 18:10:14,548 INFO  [main] c.n.R.B.BaseAPITest - RESPONSE PAYLOAD : {
    "id": 0,
    "title": "Sample Book Title",
    "description": "",
    "pageCount": 0,
    "excerpt": null,
    "publishDate": "0001-01-01T00:00:00"
}
2024-10-03 18:10:14,552 INFO  [main] c.n.R.B.BaseAPITest - Assertion Failed - Verify that the book was created successfully with an empty description
2024-10-03 18:10:14,833 INFO  [main] c.n.R.B.BaseAPITest - Attempt to add a book with missing required fields (ISBN)
2024-10-03 18:10:14,834 INFO  [main] c.n.R.B.BaseAPITest - REQUEST INFO
2024-10-03 18:10:14,834 INFO  [main] c.n.R.B.BaseAPITest - HTTP METHOD : POST
2024-10-03 18:10:14,834 INFO  [main] c.n.R.B.BaseAPITest - ENDPOINT : api/v1/Books
2024-10-03 18:10:14,834 INFO  [main] c.n.R.B.BaseAPITest - HEADERS : {Content-type=application/json, Content-Type=application/json}
2024-10-03 18:10:14,834 INFO  [main] c.n.R.B.BaseAPITest - QUERY PARAMS : {}
2024-10-03 18:10:14,835 INFO  [main] c.n.R.B.BaseAPITest - PATH PARAMS : {}
2024-10-03 18:10:14,835 INFO  [main] c.n.R.B.BaseAPITest - REQUEST PAYLOAD :{ "title": "New Book Title", "author": "Author Name" }
2024-10-03 18:10:15,323 INFO  [main] c.n.R.B.BaseAPITest - STATUS CODE: 200
2024-10-03 18:10:15,324 INFO  [main] c.n.R.B.BaseAPITest - RESPONSE PAYLOAD : {
    "id": 0,
    "title": "New Book Title",
    "description": null,
    "pageCount": 0,
    "excerpt": null,
    "publishDate": "0001-01-01T00:00:00"
}
2024-10-03 18:10:15,324 INFO  [main] c.n.R.B.BaseAPITest - Assertion Failed - Verify that a 400 Bad Request is returned for missing required fields
2024-10-03 18:10:15,602 INFO  [main] c.n.R.B.BaseAPITest - Add a new book with all required fields
2024-10-03 18:10:15,602 INFO  [main] c.n.R.B.BaseAPITest - REQUEST INFO
2024-10-03 18:10:15,603 INFO  [main] c.n.R.B.BaseAPITest - HTTP METHOD : POST
2024-10-03 18:10:15,603 INFO  [main] c.n.R.B.BaseAPITest - ENDPOINT : api/v1/Books
2024-10-03 18:10:15,603 INFO  [main] c.n.R.B.BaseAPITest - HEADERS : {Content-type=application/json, Content-Type=application/json}
2024-10-03 18:10:15,603 INFO  [main] c.n.R.B.BaseAPITest - QUERY PARAMS : {}
2024-10-03 18:10:15,603 INFO  [main] c.n.R.B.BaseAPITest - PATH PARAMS : {}
2024-10-03 18:10:15,603 INFO  [main] c.n.R.B.BaseAPITest - REQUEST PAYLOAD :{ "title": "New Book Title", "author": "Author Name", "ISBN": "123-4567890123" }
2024-10-03 18:10:16,083 INFO  [main] c.n.R.B.BaseAPITest - STATUS CODE: 200
2024-10-03 18:10:16,084 INFO  [main] c.n.R.B.BaseAPITest - RESPONSE PAYLOAD : {
    "id": 0,
    "title": "New Book Title",
    "description": null,
    "pageCount": 0,
    "excerpt": null,
    "publishDate": "0001-01-01T00:00:00"
}
2024-10-03 18:10:16,084 INFO  [main] c.n.R.B.BaseAPITest - Assertion Failed - Verify that the book was created successfully
