2023-09-11 17:55:18,409 INFO  [main] c.n.R.B.BaseAPITest - Extent Report Initialized successfully
2023-09-11 17:55:20,295 INFO  [main] c.n.R.B.BaseAPITest -  Step - Create booking with invalid booking ID and verify the error
2023-09-11 17:55:20,295 INFO  [main] c.n.R.B.BaseAPITest - REQUEST INFO
2023-09-11 17:55:20,296 INFO  [main] c.n.R.B.BaseAPITest - HTTP METHOD : GET
2023-09-11 17:55:20,296 INFO  [main] c.n.R.B.BaseAPITest - ENDPOINT : booking/{id}
2023-09-11 17:55:20,297 INFO  [main] c.n.R.B.BaseAPITest - HEADERS : {Content-type=application/json}
2023-09-11 17:55:20,334 INFO  [main] c.n.R.B.BaseAPITest - QUERY PARAMS : {}
2023-09-11 17:55:20,335 INFO  [main] c.n.R.B.BaseAPITest - PATH PARAMS : {id=123456}
2023-09-11 17:55:22,683 INFO  [main] c.n.R.B.BaseAPITest - STATUS CODE: 404
2023-09-11 17:55:22,709 INFO  [main] c.n.R.B.BaseAPITest - RESPONSE PAYLOAD : Not Found
2023-09-11 17:55:22,715 INFO  [main] c.n.R.B.BaseAPITest - Assertion Passed - Verify Booking created sucessfully
2023-09-11 17:55:23,009 INFO  [main] c.n.R.B.BaseAPITest -  Step - Create booking and fetch that booking using get all api
2023-09-11 17:55:23,064 INFO  [main] c.n.R.B.BaseAPITest - REQUEST INFO
2023-09-11 17:55:23,087 INFO  [main] c.n.R.B.BaseAPITest - HTTP METHOD : POST
2023-09-11 17:55:23,087 INFO  [main] c.n.R.B.BaseAPITest - ENDPOINT : booking
2023-09-11 17:55:23,088 INFO  [main] c.n.R.B.BaseAPITest - HEADERS : {}
2023-09-11 17:55:23,088 INFO  [main] c.n.R.B.BaseAPITest - QUERY PARAMS : {}
2023-09-11 17:55:23,088 INFO  [main] c.n.R.B.BaseAPITest - PATH PARAMS : {}
2023-09-11 17:55:23,089 INFO  [main] c.n.R.B.BaseAPITest - REQUEST PAYLOAD :{"firstname":"Deepak","lastname":"Sharma","totalprice":111.0,"depositpaid":true,"additionalneeds":"Lunch","bookingdates":{"checkin":"2018-01-01","checkout":"2019-01-01"}}
2023-09-11 17:55:24,645 INFO  [main] c.n.R.B.BaseAPITest - STATUS CODE: 500
2023-09-11 17:55:24,647 INFO  [main] c.n.R.B.BaseAPITest - RESPONSE PAYLOAD : Internal Server Error
2023-09-11 17:55:25,022 INFO  [main] c.n.R.B.BaseAPITest -  Step - Create booking and fetch that booking using get by Id api
2023-09-11 17:55:25,025 INFO  [main] c.n.R.B.BaseAPITest - REQUEST INFO
2023-09-11 17:55:25,026 INFO  [main] c.n.R.B.BaseAPITest - HTTP METHOD : POST
2023-09-11 17:55:25,027 INFO  [main] c.n.R.B.BaseAPITest - ENDPOINT : booking
2023-09-11 17:55:25,027 INFO  [main] c.n.R.B.BaseAPITest - HEADERS : {}
2023-09-11 17:55:25,029 INFO  [main] c.n.R.B.BaseAPITest - QUERY PARAMS : {}
2023-09-11 17:55:25,029 INFO  [main] c.n.R.B.BaseAPITest - PATH PARAMS : {}
2023-09-11 17:55:25,030 INFO  [main] c.n.R.B.BaseAPITest - REQUEST PAYLOAD :{"firstname":"Deepak","lastname":"Sharma","totalprice":111.0,"depositpaid":true,"additionalneeds":"Lunch","bookingdates":{"checkin":"2018-01-01","checkout":"2019-01-01"}}
2023-09-11 17:55:26,591 INFO  [main] c.n.R.B.BaseAPITest - STATUS CODE: 500
2023-09-11 17:55:26,593 INFO  [main] c.n.R.B.BaseAPITest - RESPONSE PAYLOAD : Internal Server Error
