2024-10-03 14:09:31,535 INFO  [main] c.n.R.B.BaseAPITest - Extent Report Initialized successfully
2024-10-03 14:09:33,177 INFO  [main] c.n.R.B.BaseAPITest -  Step - Create booking with invalid booking ID and verify the error
2024-10-03 14:09:33,177 INFO  [main] c.n.R.B.BaseAPITest - REQUEST INFO
2024-10-03 14:09:33,178 INFO  [main] c.n.R.B.BaseAPITest - HTTP METHOD : GET
2024-10-03 14:09:33,178 INFO  [main] c.n.R.B.BaseAPITest - ENDPOINT : api/v1/Activities/{id}
2024-10-03 14:09:33,178 INFO  [main] c.n.R.B.BaseAPITest - HEADERS : {Content-type=application/json, Content-Type=application/json}
2024-10-03 14:09:33,178 INFO  [main] c.n.R.B.BaseAPITest - QUERY PARAMS : {}
2024-10-03 14:09:33,178 INFO  [main] c.n.R.B.BaseAPITest - PATH PARAMS : {id=109}
2024-10-03 14:09:34,326 INFO  [main] c.n.R.B.BaseAPITest - STATUS CODE: 404
2024-10-03 14:09:34,365 INFO  [main] c.n.R.B.BaseAPITest - RESPONSE PAYLOAD : {
    "type": "https://tools.ietf.org/html/rfc7231#section-6.5.4",
    "title": "Not Found",
    "status": 404,
    "traceId": "00-c1131612d24f0048874978871db69b69-a63e3df90e8c3c45-00"
}
2024-10-03 14:09:34,367 INFO  [main] c.n.R.B.BaseAPITest - Assertion Passed - Verify error is returned for invalid booking ID
2024-10-03 14:09:34,647 INFO  [main] c.n.R.B.BaseAPITest - Step - Attempt to retrieve booking without authentication and verify the error
2024-10-03 14:09:34,647 INFO  [main] c.n.R.B.BaseAPITest - REQUEST INFO
2024-10-03 14:09:34,647 INFO  [main] c.n.R.B.BaseAPITest - HTTP METHOD : GET
2024-10-03 14:09:34,648 INFO  [main] c.n.R.B.BaseAPITest - ENDPOINT : api/v1/Activities/{id}
2024-10-03 14:09:34,648 INFO  [main] c.n.R.B.BaseAPITest - HEADERS : {Content-type=application/json, Content-Type=application/json}
2024-10-03 14:09:34,648 INFO  [main] c.n.R.B.BaseAPITest - QUERY PARAMS : {}
2024-10-03 14:09:34,648 INFO  [main] c.n.R.B.BaseAPITest - PATH PARAMS : {id=1}
2024-10-03 14:09:35,122 INFO  [main] c.n.R.B.BaseAPITest - STATUS CODE: 200
2024-10-03 14:09:35,124 INFO  [main] c.n.R.B.BaseAPITest - RESPONSE PAYLOAD : {
    "id": 1,
    "title": "Activity 1",
    "dueDate": "2024-10-03T09:39:35.0423601+00:00",
    "completed": false
}
2024-10-03 14:09:35,124 INFO  [main] c.n.R.B.BaseAPITest - Assertion Failed - Verify that an error is returned for unauthorized access
2024-10-03 14:09:35,405 INFO  [main] c.n.R.B.BaseAPITest - Step - Retrieve a list of bookings when no bookings exist and verify the response
2024-10-03 14:09:35,405 INFO  [main] c.n.R.B.BaseAPITest - REQUEST INFO
2024-10-03 14:09:35,405 INFO  [main] c.n.R.B.BaseAPITest - HTTP METHOD : GET
2024-10-03 14:09:35,405 INFO  [main] c.n.R.B.BaseAPITest - ENDPOINT : api/v1/Authors/authors/books/{id}
2024-10-03 14:09:35,406 INFO  [main] c.n.R.B.BaseAPITest - HEADERS : {Content-type=application/json, Content-Type=application/json}
2024-10-03 14:09:35,406 INFO  [main] c.n.R.B.BaseAPITest - QUERY PARAMS : {}
2024-10-03 14:09:35,406 INFO  [main] c.n.R.B.BaseAPITest - PATH PARAMS : {id=300}
2024-10-03 14:09:35,888 INFO  [main] c.n.R.B.BaseAPITest - STATUS CODE: 200
2024-10-03 14:09:35,888 INFO  [main] c.n.R.B.BaseAPITest - RESPONSE PAYLOAD : [
    
]
2024-10-03 14:09:35,889 INFO  [main] c.n.R.B.BaseAPITest - Assertion Passed - Verify that the response status is 200 OK
2024-10-03 14:09:35,889 INFO  [main] c.n.R.B.BaseAPITest - Assertion Failed - Verifying response should be Empty
2024-10-03 14:09:36,167 INFO  [main] c.n.R.B.BaseAPITest - Step - Attempt to retrieve booking with a valid booking ID and verify the response
2024-10-03 14:09:36,167 INFO  [main] c.n.R.B.BaseAPITest - REQUEST INFO
2024-10-03 14:09:36,167 INFO  [main] c.n.R.B.BaseAPITest - HTTP METHOD : GET
2024-10-03 14:09:36,167 INFO  [main] c.n.R.B.BaseAPITest - ENDPOINT : api/v1/Activities/{id}
2024-10-03 14:09:36,167 INFO  [main] c.n.R.B.BaseAPITest - HEADERS : {Content-type=application/json, Content-Type=application/json}
2024-10-03 14:09:36,167 INFO  [main] c.n.R.B.BaseAPITest - QUERY PARAMS : {}
2024-10-03 14:09:36,167 INFO  [main] c.n.R.B.BaseAPITest - PATH PARAMS : {id=12}
2024-10-03 14:09:36,645 INFO  [main] c.n.R.B.BaseAPITest - STATUS CODE: 200
2024-10-03 14:09:36,646 INFO  [main] c.n.R.B.BaseAPITest - RESPONSE PAYLOAD : {
    "id": 12,
    "title": "Activity 12",
    "dueDate": "2024-10-03T20:39:36.5627329+00:00",
    "completed": true
}
2024-10-03 14:09:36,646 INFO  [main] c.n.R.B.BaseAPITest - Assertion Passed - Verify that booking is retrieved successfully
